{
  "RSpec": {
    "coverage": {
      "/Users/sean/turing/m4/capstone/streamr-be/app/models/recommendation.rb": {
        "lines": [
          1,
          1,
          1,
          null
        ]
      },
      "/Users/sean/turing/m4/capstone/streamr-be/app/models/application_record.rb": {
        "lines": [
          1,
          1,
          null
        ]
      },
      "/Users/sean/turing/m4/capstone/streamr-be/app/models/user.rb": {
        "lines": [
          1,
          1,
          1,
          1,
          null
        ]
      },
      "/Users/sean/turing/m4/capstone/streamr-be/app/models/watchlist.rb": {
        "lines": [
          1,
          1,
          null
        ]
      },
      "/Users/sean/turing/m4/capstone/streamr-be/app/controllers/application_controller.rb": {
        "lines": [
          0,
          0
        ],
        "branches": {
        }
      },
      "/Users/sean/turing/m4/capstone/streamr-be/app/services/tmbd_service.rb": {
        "lines": [
          0,
          0,
          0,
          0,
          0,
          null,
          0,
          0,
          0,
          0,
          0,
          0,
          null,
          0,
          0,
          0,
          null,
          0,
          0,
          0,
          null,
          0,
          0,
          0,
          null,
          0
        ],
        "branches": {
        }
      }
    },
    "timestamp": 1675737893
  }
}
